2021-02-20 19:31:36,112 DEBUG    root            Loaded Command Group: [u'gcloud', u'components']
2021-02-20 19:31:36,223 DEBUG    root            Loaded Command Group: [u'gcloud', u'components', u'list']
2021-02-20 19:31:36,226 DEBUG    root            Running [gcloud.components.list] with arguments: []
2021-02-20 19:31:36,787 INFO     ___FILE_ONLY___ 
Your current Cloud SDK version is: 246.0.0

2021-02-20 19:31:36,787 INFO     ___FILE_ONLY___ The latest available version is: 328.0.0

2021-02-20 19:31:36,788 INFO     ___FILE_ONLY___ 

2021-02-20 19:31:36,790 INFO     root            Display format: "table[box,title="Components"](state.name:label=Status,name:label=Name,id:label=ID,size.size(zero="",min=1048576):label=Size:align=right)"
2021-02-20 19:31:36,799 INFO     ___FILE_ONLY___ ┌───────────────────────────────────────────────────────────────────────────────────────────────────────────────┐
2021-02-20 19:31:36,799 INFO     ___FILE_ONLY___ 

2021-02-20 19:31:36,799 INFO     ___FILE_ONLY___ │                                                   Components                                                  │
2021-02-20 19:31:36,800 INFO     ___FILE_ONLY___ 

2021-02-20 19:31:36,800 INFO     ___FILE_ONLY___ ├──────────────────┬──────────────────────────────────────────────────────┬──────────────────────────┬──────────┤
2021-02-20 19:31:36,800 INFO     ___FILE_ONLY___ 

2021-02-20 19:31:36,800 INFO     ___FILE_ONLY___ │      Status      │                         Name                         │            ID            │   Size   │
2021-02-20 19:31:36,800 INFO     ___FILE_ONLY___ 

2021-02-20 19:31:36,801 INFO     ___FILE_ONLY___ ├──────────────────┼──────────────────────────────────────────────────────┼──────────────────────────┼──────────┤
2021-02-20 19:31:36,801 INFO     ___FILE_ONLY___ 

2021-02-20 19:31:36,801 INFO     ___FILE_ONLY___ │ 
2021-02-20 19:31:36,801 INFO     ___FILE_ONLY___ Update Available
2021-02-20 19:31:36,801 INFO     ___FILE_ONLY___  
2021-02-20 19:31:36,801 INFO     ___FILE_ONLY___ │ 
2021-02-20 19:31:36,801 INFO     ___FILE_ONLY___ BigQuery Command Line Tool                          
2021-02-20 19:31:36,801 INFO     ___FILE_ONLY___  
2021-02-20 19:31:36,802 INFO     ___FILE_ONLY___ │ 
2021-02-20 19:31:36,802 INFO     ___FILE_ONLY___ bq                      
2021-02-20 19:31:36,802 INFO     ___FILE_ONLY___  
2021-02-20 19:31:36,802 INFO     ___FILE_ONLY___ │ 
2021-02-20 19:31:36,802 INFO     ___FILE_ONLY___  < 1 MiB
2021-02-20 19:31:36,802 INFO     ___FILE_ONLY___  
2021-02-20 19:31:36,802 INFO     ___FILE_ONLY___ │
2021-02-20 19:31:36,803 INFO     ___FILE_ONLY___ 

2021-02-20 19:31:36,803 INFO     ___FILE_ONLY___ │ 
2021-02-20 19:31:36,803 INFO     ___FILE_ONLY___ Update Available
2021-02-20 19:31:36,803 INFO     ___FILE_ONLY___  
2021-02-20 19:31:36,803 INFO     ___FILE_ONLY___ │ 
2021-02-20 19:31:36,803 INFO     ___FILE_ONLY___ Cloud SDK Core Libraries                            
2021-02-20 19:31:36,803 INFO     ___FILE_ONLY___  
2021-02-20 19:31:36,803 INFO     ___FILE_ONLY___ │ 
2021-02-20 19:31:36,804 INFO     ___FILE_ONLY___ core                    
2021-02-20 19:31:36,805 INFO     ___FILE_ONLY___  
2021-02-20 19:31:36,805 INFO     ___FILE_ONLY___ │ 
2021-02-20 19:31:36,805 INFO     ___FILE_ONLY___ 16.9 MiB
2021-02-20 19:31:36,805 INFO     ___FILE_ONLY___  
2021-02-20 19:31:36,805 INFO     ___FILE_ONLY___ │
2021-02-20 19:31:36,805 INFO     ___FILE_ONLY___ 

2021-02-20 19:31:36,805 INFO     ___FILE_ONLY___ │ 
2021-02-20 19:31:36,806 INFO     ___FILE_ONLY___ Update Available
2021-02-20 19:31:36,806 INFO     ___FILE_ONLY___  
2021-02-20 19:31:36,806 INFO     ___FILE_ONLY___ │ 
2021-02-20 19:31:36,806 INFO     ___FILE_ONLY___ Cloud Storage Command Line Tool                     
2021-02-20 19:31:36,806 INFO     ___FILE_ONLY___  
2021-02-20 19:31:36,806 INFO     ___FILE_ONLY___ │ 
2021-02-20 19:31:36,806 INFO     ___FILE_ONLY___ gsutil                  
2021-02-20 19:31:36,806 INFO     ___FILE_ONLY___  
2021-02-20 19:31:36,806 INFO     ___FILE_ONLY___ │ 
2021-02-20 19:31:36,807 INFO     ___FILE_ONLY___  3.9 MiB
2021-02-20 19:31:36,807 INFO     ___FILE_ONLY___  
2021-02-20 19:31:36,807 INFO     ___FILE_ONLY___ │
2021-02-20 19:31:36,807 INFO     ___FILE_ONLY___ 

2021-02-20 19:31:36,807 INFO     ___FILE_ONLY___ │ 
2021-02-20 19:31:36,807 INFO     ___FILE_ONLY___ Not Installed   
2021-02-20 19:31:36,807 INFO     ___FILE_ONLY___  
2021-02-20 19:31:36,807 INFO     ___FILE_ONLY___ │ 
2021-02-20 19:31:36,807 INFO     ___FILE_ONLY___ App Engine Go Extensions                            
2021-02-20 19:31:36,807 INFO     ___FILE_ONLY___  
2021-02-20 19:31:36,807 INFO     ___FILE_ONLY___ │ 
2021-02-20 19:31:36,808 INFO     ___FILE_ONLY___ app-engine-go           
2021-02-20 19:31:36,808 INFO     ___FILE_ONLY___  
2021-02-20 19:31:36,808 INFO     ___FILE_ONLY___ │ 
2021-02-20 19:31:36,808 INFO     ___FILE_ONLY___  4.8 MiB
2021-02-20 19:31:36,808 INFO     ___FILE_ONLY___  
2021-02-20 19:31:36,808 INFO     ___FILE_ONLY___ │
2021-02-20 19:31:36,808 INFO     ___FILE_ONLY___ 

2021-02-20 19:31:36,808 INFO     ___FILE_ONLY___ │ 
2021-02-20 19:31:36,809 INFO     ___FILE_ONLY___ Not Installed   
2021-02-20 19:31:36,809 INFO     ___FILE_ONLY___  
2021-02-20 19:31:36,809 INFO     ___FILE_ONLY___ │ 
2021-02-20 19:31:36,809 INFO     ___FILE_ONLY___ Appctl                                              
2021-02-20 19:31:36,809 INFO     ___FILE_ONLY___  
2021-02-20 19:31:36,809 INFO     ___FILE_ONLY___ │ 
2021-02-20 19:31:36,809 INFO     ___FILE_ONLY___ appctl                  
2021-02-20 19:31:36,809 INFO     ___FILE_ONLY___  
2021-02-20 19:31:36,809 INFO     ___FILE_ONLY___ │ 
2021-02-20 19:31:36,809 INFO     ___FILE_ONLY___ 18.5 MiB
2021-02-20 19:31:36,810 INFO     ___FILE_ONLY___  
2021-02-20 19:31:36,810 INFO     ___FILE_ONLY___ │
2021-02-20 19:31:36,810 INFO     ___FILE_ONLY___ 

2021-02-20 19:31:36,810 INFO     ___FILE_ONLY___ │ 
2021-02-20 19:31:36,810 INFO     ___FILE_ONLY___ Not Installed   
2021-02-20 19:31:36,810 INFO     ___FILE_ONLY___  
2021-02-20 19:31:36,810 INFO     ___FILE_ONLY___ │ 
2021-02-20 19:31:36,810 INFO     ___FILE_ONLY___ Cloud Bigtable Command Line Tool                    
2021-02-20 19:31:36,810 INFO     ___FILE_ONLY___  
2021-02-20 19:31:36,810 INFO     ___FILE_ONLY___ │ 
2021-02-20 19:31:36,810 INFO     ___FILE_ONLY___ cbt                     
2021-02-20 19:31:36,811 INFO     ___FILE_ONLY___  
2021-02-20 19:31:36,811 INFO     ___FILE_ONLY___ │ 
2021-02-20 19:31:36,811 INFO     ___FILE_ONLY___  7.6 MiB
2021-02-20 19:31:36,811 INFO     ___FILE_ONLY___  
2021-02-20 19:31:36,811 INFO     ___FILE_ONLY___ │
2021-02-20 19:31:36,811 INFO     ___FILE_ONLY___ 

2021-02-20 19:31:36,811 INFO     ___FILE_ONLY___ │ 
2021-02-20 19:31:36,811 INFO     ___FILE_ONLY___ Not Installed   
2021-02-20 19:31:36,811 INFO     ___FILE_ONLY___  
2021-02-20 19:31:36,812 INFO     ___FILE_ONLY___ │ 
2021-02-20 19:31:36,812 INFO     ___FILE_ONLY___ Cloud Bigtable Emulator                             
2021-02-20 19:31:36,812 INFO     ___FILE_ONLY___  
2021-02-20 19:31:36,812 INFO     ___FILE_ONLY___ │ 
2021-02-20 19:31:36,812 INFO     ___FILE_ONLY___ bigtable                
2021-02-20 19:31:36,812 INFO     ___FILE_ONLY___  
2021-02-20 19:31:36,812 INFO     ___FILE_ONLY___ │ 
2021-02-20 19:31:36,812 INFO     ___FILE_ONLY___  6.6 MiB
2021-02-20 19:31:36,812 INFO     ___FILE_ONLY___  
2021-02-20 19:31:36,812 INFO     ___FILE_ONLY___ │
2021-02-20 19:31:36,812 INFO     ___FILE_ONLY___ 

2021-02-20 19:31:36,813 INFO     ___FILE_ONLY___ │ 
2021-02-20 19:31:36,813 INFO     ___FILE_ONLY___ Not Installed   
2021-02-20 19:31:36,813 INFO     ___FILE_ONLY___  
2021-02-20 19:31:36,813 INFO     ___FILE_ONLY___ │ 
2021-02-20 19:31:36,813 INFO     ___FILE_ONLY___ Cloud Datalab Command Line Tool                     
2021-02-20 19:31:36,813 INFO     ___FILE_ONLY___  
2021-02-20 19:31:36,813 INFO     ___FILE_ONLY___ │ 
2021-02-20 19:31:36,813 INFO     ___FILE_ONLY___ datalab                 
2021-02-20 19:31:36,814 INFO     ___FILE_ONLY___  
2021-02-20 19:31:36,814 INFO     ___FILE_ONLY___ │ 
2021-02-20 19:31:36,814 INFO     ___FILE_ONLY___  < 1 MiB
2021-02-20 19:31:36,814 INFO     ___FILE_ONLY___  
2021-02-20 19:31:36,814 INFO     ___FILE_ONLY___ │
2021-02-20 19:31:36,814 INFO     ___FILE_ONLY___ 

2021-02-20 19:31:36,814 INFO     ___FILE_ONLY___ │ 
2021-02-20 19:31:36,815 INFO     ___FILE_ONLY___ Not Installed   
2021-02-20 19:31:36,815 INFO     ___FILE_ONLY___  
2021-02-20 19:31:36,815 INFO     ___FILE_ONLY___ │ 
2021-02-20 19:31:36,815 INFO     ___FILE_ONLY___ Cloud Datastore Emulator                            
2021-02-20 19:31:36,815 INFO     ___FILE_ONLY___  
2021-02-20 19:31:36,815 INFO     ___FILE_ONLY___ │ 
2021-02-20 19:31:36,815 INFO     ___FILE_ONLY___ cloud-datastore-emulator
2021-02-20 19:31:36,816 INFO     ___FILE_ONLY___  
2021-02-20 19:31:36,816 INFO     ___FILE_ONLY___ │ 
2021-02-20 19:31:36,816 INFO     ___FILE_ONLY___ 18.4 MiB
2021-02-20 19:31:36,816 INFO     ___FILE_ONLY___  
2021-02-20 19:31:36,816 INFO     ___FILE_ONLY___ │
2021-02-20 19:31:36,816 INFO     ___FILE_ONLY___ 

2021-02-20 19:31:36,816 INFO     ___FILE_ONLY___ │ 
2021-02-20 19:31:36,817 INFO     ___FILE_ONLY___ Not Installed   
2021-02-20 19:31:36,817 INFO     ___FILE_ONLY___  
2021-02-20 19:31:36,817 INFO     ___FILE_ONLY___ │ 
2021-02-20 19:31:36,817 INFO     ___FILE_ONLY___ Cloud Firestore Emulator                            
2021-02-20 19:31:36,817 INFO     ___FILE_ONLY___  
2021-02-20 19:31:36,817 INFO     ___FILE_ONLY___ │ 
2021-02-20 19:31:36,817 INFO     ___FILE_ONLY___ cloud-firestore-emulator
2021-02-20 19:31:36,817 INFO     ___FILE_ONLY___  
2021-02-20 19:31:36,817 INFO     ___FILE_ONLY___ │ 
2021-02-20 19:31:36,818 INFO     ___FILE_ONLY___ 41.6 MiB
2021-02-20 19:31:36,818 INFO     ___FILE_ONLY___  
2021-02-20 19:31:36,818 INFO     ___FILE_ONLY___ │
2021-02-20 19:31:36,818 INFO     ___FILE_ONLY___ 

2021-02-20 19:31:36,818 INFO     ___FILE_ONLY___ │ 
2021-02-20 19:31:36,818 INFO     ___FILE_ONLY___ Not Installed   
2021-02-20 19:31:36,818 INFO     ___FILE_ONLY___  
2021-02-20 19:31:36,818 INFO     ___FILE_ONLY___ │ 
2021-02-20 19:31:36,818 INFO     ___FILE_ONLY___ Cloud Pub/Sub Emulator                              
2021-02-20 19:31:36,818 INFO     ___FILE_ONLY___  
2021-02-20 19:31:36,819 INFO     ___FILE_ONLY___ │ 
2021-02-20 19:31:36,819 INFO     ___FILE_ONLY___ pubsub-emulator         
2021-02-20 19:31:36,819 INFO     ___FILE_ONLY___  
2021-02-20 19:31:36,819 INFO     ___FILE_ONLY___ │ 
2021-02-20 19:31:36,819 INFO     ___FILE_ONLY___ 60.4 MiB
2021-02-20 19:31:36,819 INFO     ___FILE_ONLY___  
2021-02-20 19:31:36,819 INFO     ___FILE_ONLY___ │
2021-02-20 19:31:36,819 INFO     ___FILE_ONLY___ 

2021-02-20 19:31:36,819 INFO     ___FILE_ONLY___ │ 
2021-02-20 19:31:36,820 INFO     ___FILE_ONLY___ Not Installed   
2021-02-20 19:31:36,820 INFO     ___FILE_ONLY___  
2021-02-20 19:31:36,820 INFO     ___FILE_ONLY___ │ 
2021-02-20 19:31:36,820 INFO     ___FILE_ONLY___ Cloud SQL Proxy                                     
2021-02-20 19:31:36,820 INFO     ___FILE_ONLY___  
2021-02-20 19:31:36,820 INFO     ___FILE_ONLY___ │ 
2021-02-20 19:31:36,820 INFO     ___FILE_ONLY___ cloud_sql_proxy         
2021-02-20 19:31:36,820 INFO     ___FILE_ONLY___  
2021-02-20 19:31:36,820 INFO     ___FILE_ONLY___ │ 
2021-02-20 19:31:36,821 INFO     ___FILE_ONLY___  7.4 MiB
2021-02-20 19:31:36,821 INFO     ___FILE_ONLY___  
2021-02-20 19:31:36,821 INFO     ___FILE_ONLY___ │
2021-02-20 19:31:36,821 INFO     ___FILE_ONLY___ 

2021-02-20 19:31:36,822 INFO     ___FILE_ONLY___ │ 
2021-02-20 19:31:36,822 INFO     ___FILE_ONLY___ Not Installed   
2021-02-20 19:31:36,822 INFO     ___FILE_ONLY___  
2021-02-20 19:31:36,822 INFO     ___FILE_ONLY___ │ 
2021-02-20 19:31:36,822 INFO     ___FILE_ONLY___ Emulator Reverse Proxy                              
2021-02-20 19:31:36,822 INFO     ___FILE_ONLY___  
2021-02-20 19:31:36,822 INFO     ___FILE_ONLY___ │ 
2021-02-20 19:31:36,822 INFO     ___FILE_ONLY___ emulator-reverse-proxy  
2021-02-20 19:31:36,823 INFO     ___FILE_ONLY___  
2021-02-20 19:31:36,823 INFO     ___FILE_ONLY___ │ 
2021-02-20 19:31:36,823 INFO     ___FILE_ONLY___ 14.5 MiB
2021-02-20 19:31:36,823 INFO     ___FILE_ONLY___  
2021-02-20 19:31:36,823 INFO     ___FILE_ONLY___ │
2021-02-20 19:31:36,823 INFO     ___FILE_ONLY___ 

2021-02-20 19:31:36,823 INFO     ___FILE_ONLY___ │ 
2021-02-20 19:31:36,823 INFO     ___FILE_ONLY___ Not Installed   
2021-02-20 19:31:36,823 INFO     ___FILE_ONLY___  
2021-02-20 19:31:36,823 INFO     ___FILE_ONLY___ │ 
2021-02-20 19:31:36,824 INFO     ___FILE_ONLY___ Google Cloud Build Local Builder                    
2021-02-20 19:31:36,824 INFO     ___FILE_ONLY___  
2021-02-20 19:31:36,824 INFO     ___FILE_ONLY___ │ 
2021-02-20 19:31:36,824 INFO     ___FILE_ONLY___ cloud-build-local       
2021-02-20 19:31:36,824 INFO     ___FILE_ONLY___  
2021-02-20 19:31:36,824 INFO     ___FILE_ONLY___ │ 
2021-02-20 19:31:36,824 INFO     ___FILE_ONLY___  6.2 MiB
2021-02-20 19:31:36,824 INFO     ___FILE_ONLY___  
2021-02-20 19:31:36,825 INFO     ___FILE_ONLY___ │
2021-02-20 19:31:36,825 INFO     ___FILE_ONLY___ 

2021-02-20 19:31:36,825 INFO     ___FILE_ONLY___ │ 
2021-02-20 19:31:36,825 INFO     ___FILE_ONLY___ Not Installed   
2021-02-20 19:31:36,825 INFO     ___FILE_ONLY___  
2021-02-20 19:31:36,825 INFO     ___FILE_ONLY___ │ 
2021-02-20 19:31:36,825 INFO     ___FILE_ONLY___ Kustomize                                           
2021-02-20 19:31:36,825 INFO     ___FILE_ONLY___  
2021-02-20 19:31:36,825 INFO     ___FILE_ONLY___ │ 
2021-02-20 19:31:36,826 INFO     ___FILE_ONLY___ kustomize               
2021-02-20 19:31:36,826 INFO     ___FILE_ONLY___  
2021-02-20 19:31:36,826 INFO     ___FILE_ONLY___ │ 
2021-02-20 19:31:36,826 INFO     ___FILE_ONLY___ 22.8 MiB
2021-02-20 19:31:36,826 INFO     ___FILE_ONLY___  
2021-02-20 19:31:36,826 INFO     ___FILE_ONLY___ │
2021-02-20 19:31:36,826 INFO     ___FILE_ONLY___ 

2021-02-20 19:31:36,826 INFO     ___FILE_ONLY___ │ 
2021-02-20 19:31:36,826 INFO     ___FILE_ONLY___ Not Installed   
2021-02-20 19:31:36,826 INFO     ___FILE_ONLY___  
2021-02-20 19:31:36,827 INFO     ___FILE_ONLY___ │ 
2021-02-20 19:31:36,827 INFO     ___FILE_ONLY___ Minikube                                            
2021-02-20 19:31:36,827 INFO     ___FILE_ONLY___  
2021-02-20 19:31:36,827 INFO     ___FILE_ONLY___ │ 
2021-02-20 19:31:36,827 INFO     ___FILE_ONLY___ minikube                
2021-02-20 19:31:36,827 INFO     ___FILE_ONLY___  
2021-02-20 19:31:36,827 INFO     ___FILE_ONLY___ │ 
2021-02-20 19:31:36,827 INFO     ___FILE_ONLY___ 22.4 MiB
2021-02-20 19:31:36,827 INFO     ___FILE_ONLY___  
2021-02-20 19:31:36,827 INFO     ___FILE_ONLY___ │
2021-02-20 19:31:36,827 INFO     ___FILE_ONLY___ 

2021-02-20 19:31:36,828 INFO     ___FILE_ONLY___ │ 
2021-02-20 19:31:36,828 INFO     ___FILE_ONLY___ Not Installed   
2021-02-20 19:31:36,828 INFO     ___FILE_ONLY___  
2021-02-20 19:31:36,828 INFO     ___FILE_ONLY___ │ 
2021-02-20 19:31:36,828 INFO     ___FILE_ONLY___ Nomos CLI                                           
2021-02-20 19:31:36,828 INFO     ___FILE_ONLY___  
2021-02-20 19:31:36,828 INFO     ___FILE_ONLY___ │ 
2021-02-20 19:31:36,828 INFO     ___FILE_ONLY___ nomos                   
2021-02-20 19:31:36,828 INFO     ___FILE_ONLY___  
2021-02-20 19:31:36,829 INFO     ___FILE_ONLY___ │ 
2021-02-20 19:31:36,829 INFO     ___FILE_ONLY___ 19.8 MiB
2021-02-20 19:31:36,829 INFO     ___FILE_ONLY___  
2021-02-20 19:31:36,829 INFO     ___FILE_ONLY___ │
2021-02-20 19:31:36,829 INFO     ___FILE_ONLY___ 

2021-02-20 19:31:36,829 INFO     ___FILE_ONLY___ │ 
2021-02-20 19:31:36,829 INFO     ___FILE_ONLY___ Not Installed   
2021-02-20 19:31:36,829 INFO     ___FILE_ONLY___  
2021-02-20 19:31:36,830 INFO     ___FILE_ONLY___ │ 
2021-02-20 19:31:36,830 INFO     ___FILE_ONLY___ On-Demand Scanning API extraction helper            
2021-02-20 19:31:36,830 INFO     ___FILE_ONLY___  
2021-02-20 19:31:36,830 INFO     ___FILE_ONLY___ │ 
2021-02-20 19:31:36,830 INFO     ___FILE_ONLY___ local-extract           
2021-02-20 19:31:36,831 INFO     ___FILE_ONLY___  
2021-02-20 19:31:36,831 INFO     ___FILE_ONLY___ │ 
2021-02-20 19:31:36,831 INFO     ___FILE_ONLY___ 10.9 MiB
2021-02-20 19:31:36,831 INFO     ___FILE_ONLY___  
2021-02-20 19:31:36,831 INFO     ___FILE_ONLY___ │
2021-02-20 19:31:36,832 INFO     ___FILE_ONLY___ 

2021-02-20 19:31:36,832 INFO     ___FILE_ONLY___ │ 
2021-02-20 19:31:36,832 INFO     ___FILE_ONLY___ Not Installed   
2021-02-20 19:31:36,832 INFO     ___FILE_ONLY___  
2021-02-20 19:31:36,832 INFO     ___FILE_ONLY___ │ 
2021-02-20 19:31:36,833 INFO     ___FILE_ONLY___ Skaffold                                            
2021-02-20 19:31:36,833 INFO     ___FILE_ONLY___  
2021-02-20 19:31:36,833 INFO     ___FILE_ONLY___ │ 
2021-02-20 19:31:36,833 INFO     ___FILE_ONLY___ skaffold                
2021-02-20 19:31:36,833 INFO     ___FILE_ONLY___  
2021-02-20 19:31:36,833 INFO     ___FILE_ONLY___ │ 
2021-02-20 19:31:36,833 INFO     ___FILE_ONLY___ 17.0 MiB
2021-02-20 19:31:36,833 INFO     ___FILE_ONLY___  
2021-02-20 19:31:36,833 INFO     ___FILE_ONLY___ │
2021-02-20 19:31:36,834 INFO     ___FILE_ONLY___ 

2021-02-20 19:31:36,834 INFO     ___FILE_ONLY___ │ 
2021-02-20 19:31:36,834 INFO     ___FILE_ONLY___ Not Installed   
2021-02-20 19:31:36,834 INFO     ___FILE_ONLY___  
2021-02-20 19:31:36,834 INFO     ___FILE_ONLY___ │ 
2021-02-20 19:31:36,834 INFO     ___FILE_ONLY___ anthos-auth                                         
2021-02-20 19:31:36,835 INFO     ___FILE_ONLY___  
2021-02-20 19:31:36,835 INFO     ___FILE_ONLY___ │ 
2021-02-20 19:31:36,835 INFO     ___FILE_ONLY___ anthos-auth             
2021-02-20 19:31:36,835 INFO     ___FILE_ONLY___  
2021-02-20 19:31:36,835 INFO     ___FILE_ONLY___ │ 
2021-02-20 19:31:36,835 INFO     ___FILE_ONLY___ 16.3 MiB
2021-02-20 19:31:36,835 INFO     ___FILE_ONLY___  
2021-02-20 19:31:36,835 INFO     ___FILE_ONLY___ │
2021-02-20 19:31:36,835 INFO     ___FILE_ONLY___ 

2021-02-20 19:31:36,835 INFO     ___FILE_ONLY___ │ 
2021-02-20 19:31:36,835 INFO     ___FILE_ONLY___ Not Installed   
2021-02-20 19:31:36,836 INFO     ___FILE_ONLY___  
2021-02-20 19:31:36,836 INFO     ___FILE_ONLY___ │ 
2021-02-20 19:31:36,836 INFO     ___FILE_ONLY___ config-connector                                    
2021-02-20 19:31:36,836 INFO     ___FILE_ONLY___  
2021-02-20 19:31:36,836 INFO     ___FILE_ONLY___ │ 
2021-02-20 19:31:36,836 INFO     ___FILE_ONLY___ config-connector        
2021-02-20 19:31:36,836 INFO     ___FILE_ONLY___  
2021-02-20 19:31:36,836 INFO     ___FILE_ONLY___ │ 
2021-02-20 19:31:36,836 INFO     ___FILE_ONLY___ 40.2 MiB
2021-02-20 19:31:36,837 INFO     ___FILE_ONLY___  
2021-02-20 19:31:36,837 INFO     ___FILE_ONLY___ │
2021-02-20 19:31:36,837 INFO     ___FILE_ONLY___ 

2021-02-20 19:31:36,837 INFO     ___FILE_ONLY___ │ 
2021-02-20 19:31:36,837 INFO     ___FILE_ONLY___ Not Installed   
2021-02-20 19:31:36,837 INFO     ___FILE_ONLY___  
2021-02-20 19:31:36,837 INFO     ___FILE_ONLY___ │ 
2021-02-20 19:31:36,837 INFO     ___FILE_ONLY___ gcloud Alpha Commands                               
2021-02-20 19:31:36,837 INFO     ___FILE_ONLY___  
2021-02-20 19:31:36,837 INFO     ___FILE_ONLY___ │ 
2021-02-20 19:31:36,838 INFO     ___FILE_ONLY___ alpha                   
2021-02-20 19:31:36,838 INFO     ___FILE_ONLY___  
2021-02-20 19:31:36,838 INFO     ___FILE_ONLY___ │ 
2021-02-20 19:31:36,838 INFO     ___FILE_ONLY___  < 1 MiB
2021-02-20 19:31:36,839 INFO     ___FILE_ONLY___  
2021-02-20 19:31:36,839 INFO     ___FILE_ONLY___ │
2021-02-20 19:31:36,840 INFO     ___FILE_ONLY___ 

2021-02-20 19:31:36,840 INFO     ___FILE_ONLY___ │ 
2021-02-20 19:31:36,840 INFO     ___FILE_ONLY___ Not Installed   
2021-02-20 19:31:36,840 INFO     ___FILE_ONLY___  
2021-02-20 19:31:36,840 INFO     ___FILE_ONLY___ │ 
2021-02-20 19:31:36,841 INFO     ___FILE_ONLY___ gcloud Beta Commands                                
2021-02-20 19:31:36,841 INFO     ___FILE_ONLY___  
2021-02-20 19:31:36,841 INFO     ___FILE_ONLY___ │ 
2021-02-20 19:31:36,841 INFO     ___FILE_ONLY___ beta                    
2021-02-20 19:31:36,841 INFO     ___FILE_ONLY___  
2021-02-20 19:31:36,841 INFO     ___FILE_ONLY___ │ 
2021-02-20 19:31:36,841 INFO     ___FILE_ONLY___  < 1 MiB
2021-02-20 19:31:36,841 INFO     ___FILE_ONLY___  
2021-02-20 19:31:36,842 INFO     ___FILE_ONLY___ │
2021-02-20 19:31:36,842 INFO     ___FILE_ONLY___ 

2021-02-20 19:31:36,842 INFO     ___FILE_ONLY___ │ 
2021-02-20 19:31:36,842 INFO     ___FILE_ONLY___ Not Installed   
2021-02-20 19:31:36,842 INFO     ___FILE_ONLY___  
2021-02-20 19:31:36,842 INFO     ___FILE_ONLY___ │ 
2021-02-20 19:31:36,842 INFO     ___FILE_ONLY___ gcloud app Java Extensions                          
2021-02-20 19:31:36,842 INFO     ___FILE_ONLY___  
2021-02-20 19:31:36,842 INFO     ___FILE_ONLY___ │ 
2021-02-20 19:31:36,843 INFO     ___FILE_ONLY___ app-engine-java         
2021-02-20 19:31:36,843 INFO     ___FILE_ONLY___  
2021-02-20 19:31:36,843 INFO     ___FILE_ONLY___ │ 
2021-02-20 19:31:36,843 INFO     ___FILE_ONLY___ 58.1 MiB
2021-02-20 19:31:36,843 INFO     ___FILE_ONLY___  
2021-02-20 19:31:36,843 INFO     ___FILE_ONLY___ │
2021-02-20 19:31:36,843 INFO     ___FILE_ONLY___ 

2021-02-20 19:31:36,843 INFO     ___FILE_ONLY___ │ 
2021-02-20 19:31:36,843 INFO     ___FILE_ONLY___ Not Installed   
2021-02-20 19:31:36,843 INFO     ___FILE_ONLY___  
2021-02-20 19:31:36,844 INFO     ___FILE_ONLY___ │ 
2021-02-20 19:31:36,844 INFO     ___FILE_ONLY___ gcloud app PHP Extensions                           
2021-02-20 19:31:36,844 INFO     ___FILE_ONLY___  
2021-02-20 19:31:36,844 INFO     ___FILE_ONLY___ │ 
2021-02-20 19:31:36,844 INFO     ___FILE_ONLY___ app-engine-php          
2021-02-20 19:31:36,844 INFO     ___FILE_ONLY___  
2021-02-20 19:31:36,844 INFO     ___FILE_ONLY___ │ 
2021-02-20 19:31:36,844 INFO     ___FILE_ONLY___ 21.9 MiB
2021-02-20 19:31:36,844 INFO     ___FILE_ONLY___  
2021-02-20 19:31:36,844 INFO     ___FILE_ONLY___ │
2021-02-20 19:31:36,844 INFO     ___FILE_ONLY___ 

2021-02-20 19:31:36,845 INFO     ___FILE_ONLY___ │ 
2021-02-20 19:31:36,845 INFO     ___FILE_ONLY___ Not Installed   
2021-02-20 19:31:36,845 INFO     ___FILE_ONLY___  
2021-02-20 19:31:36,845 INFO     ___FILE_ONLY___ │ 
2021-02-20 19:31:36,845 INFO     ___FILE_ONLY___ gcloud app Python Extensions                        
2021-02-20 19:31:36,845 INFO     ___FILE_ONLY___  
2021-02-20 19:31:36,845 INFO     ___FILE_ONLY___ │ 
2021-02-20 19:31:36,845 INFO     ___FILE_ONLY___ app-engine-python       
2021-02-20 19:31:36,846 INFO     ___FILE_ONLY___  
2021-02-20 19:31:36,846 INFO     ___FILE_ONLY___ │ 
2021-02-20 19:31:36,846 INFO     ___FILE_ONLY___  6.1 MiB
2021-02-20 19:31:36,846 INFO     ___FILE_ONLY___  
2021-02-20 19:31:36,846 INFO     ___FILE_ONLY___ │
2021-02-20 19:31:36,846 INFO     ___FILE_ONLY___ 

2021-02-20 19:31:36,846 INFO     ___FILE_ONLY___ │ 
2021-02-20 19:31:36,846 INFO     ___FILE_ONLY___ Not Installed   
2021-02-20 19:31:36,846 INFO     ___FILE_ONLY___  
2021-02-20 19:31:36,846 INFO     ___FILE_ONLY___ │ 
2021-02-20 19:31:36,847 INFO     ___FILE_ONLY___ gcloud app Python Extensions (Extra Libraries)      
2021-02-20 19:31:36,847 INFO     ___FILE_ONLY___  
2021-02-20 19:31:36,847 INFO     ___FILE_ONLY___ │ 
2021-02-20 19:31:36,847 INFO     ___FILE_ONLY___ app-engine-python-extras
2021-02-20 19:31:36,847 INFO     ___FILE_ONLY___  
2021-02-20 19:31:36,847 INFO     ___FILE_ONLY___ │ 
2021-02-20 19:31:36,847 INFO     ___FILE_ONLY___ 27.1 MiB
2021-02-20 19:31:36,848 INFO     ___FILE_ONLY___  
2021-02-20 19:31:36,848 INFO     ___FILE_ONLY___ │
2021-02-20 19:31:36,848 INFO     ___FILE_ONLY___ 

2021-02-20 19:31:36,848 INFO     ___FILE_ONLY___ │ 
2021-02-20 19:31:36,848 INFO     ___FILE_ONLY___ Not Installed   
2021-02-20 19:31:36,848 INFO     ___FILE_ONLY___  
2021-02-20 19:31:36,848 INFO     ___FILE_ONLY___ │ 
2021-02-20 19:31:36,849 INFO     ___FILE_ONLY___ kpt                                                 
2021-02-20 19:31:36,849 INFO     ___FILE_ONLY___  
2021-02-20 19:31:36,849 INFO     ___FILE_ONLY___ │ 
2021-02-20 19:31:36,849 INFO     ___FILE_ONLY___ kpt                     
2021-02-20 19:31:36,849 INFO     ___FILE_ONLY___  
2021-02-20 19:31:36,849 INFO     ___FILE_ONLY___ │ 
2021-02-20 19:31:36,850 INFO     ___FILE_ONLY___ 12.2 MiB
2021-02-20 19:31:36,850 INFO     ___FILE_ONLY___  
2021-02-20 19:31:36,850 INFO     ___FILE_ONLY___ │
2021-02-20 19:31:36,850 INFO     ___FILE_ONLY___ 

2021-02-20 19:31:36,850 INFO     ___FILE_ONLY___ │ 
2021-02-20 19:31:36,850 INFO     ___FILE_ONLY___ Not Installed   
2021-02-20 19:31:36,850 INFO     ___FILE_ONLY___  
2021-02-20 19:31:36,850 INFO     ___FILE_ONLY___ │ 
2021-02-20 19:31:36,850 INFO     ___FILE_ONLY___ kubectl                                             
2021-02-20 19:31:36,850 INFO     ___FILE_ONLY___  
2021-02-20 19:31:36,851 INFO     ___FILE_ONLY___ │ 
2021-02-20 19:31:36,851 INFO     ___FILE_ONLY___ kubectl                 
2021-02-20 19:31:36,851 INFO     ___FILE_ONLY___  
2021-02-20 19:31:36,851 INFO     ___FILE_ONLY___ │ 
2021-02-20 19:31:36,851 INFO     ___FILE_ONLY___  < 1 MiB
2021-02-20 19:31:36,851 INFO     ___FILE_ONLY___  
2021-02-20 19:31:36,851 INFO     ___FILE_ONLY___ │
2021-02-20 19:31:36,851 INFO     ___FILE_ONLY___ 

2021-02-20 19:31:36,851 INFO     ___FILE_ONLY___ │ 
2021-02-20 19:31:36,852 INFO     ___FILE_ONLY___ Not Installed   
2021-02-20 19:31:36,852 INFO     ___FILE_ONLY___  
2021-02-20 19:31:36,852 INFO     ___FILE_ONLY___ │ 
2021-02-20 19:31:36,852 INFO     ___FILE_ONLY___ kubectl-oidc                                        
2021-02-20 19:31:36,852 INFO     ___FILE_ONLY___  
2021-02-20 19:31:36,852 INFO     ___FILE_ONLY___ │ 
2021-02-20 19:31:36,852 INFO     ___FILE_ONLY___ kubectl-oidc            
2021-02-20 19:31:36,852 INFO     ___FILE_ONLY___  
2021-02-20 19:31:36,852 INFO     ___FILE_ONLY___ │ 
2021-02-20 19:31:36,852 INFO     ___FILE_ONLY___ 16.3 MiB
2021-02-20 19:31:36,853 INFO     ___FILE_ONLY___  
2021-02-20 19:31:36,853 INFO     ___FILE_ONLY___ │
2021-02-20 19:31:36,853 INFO     ___FILE_ONLY___ 

2021-02-20 19:31:36,853 INFO     ___FILE_ONLY___ │ 
2021-02-20 19:31:36,853 INFO     ___FILE_ONLY___ Not Installed   
2021-02-20 19:31:36,853 INFO     ___FILE_ONLY___  
2021-02-20 19:31:36,853 INFO     ___FILE_ONLY___ │ 
2021-02-20 19:31:36,853 INFO     ___FILE_ONLY___ pkg                                                 
2021-02-20 19:31:36,853 INFO     ___FILE_ONLY___  
2021-02-20 19:31:36,853 INFO     ___FILE_ONLY___ │ 
2021-02-20 19:31:36,853 INFO     ___FILE_ONLY___ pkg                     
2021-02-20 19:31:36,854 INFO     ___FILE_ONLY___  
2021-02-20 19:31:36,854 INFO     ___FILE_ONLY___ │ 
2021-02-20 19:31:36,854 INFO     ___FILE_ONLY___         
2021-02-20 19:31:36,854 INFO     ___FILE_ONLY___  
2021-02-20 19:31:36,854 INFO     ___FILE_ONLY___ │
2021-02-20 19:31:36,854 INFO     ___FILE_ONLY___ 

2021-02-20 19:31:36,855 INFO     ___FILE_ONLY___ │ 
2021-02-20 19:31:36,855 INFO     ___FILE_ONLY___ Installed       
2021-02-20 19:31:36,855 INFO     ___FILE_ONLY___  
2021-02-20 19:31:36,855 INFO     ___FILE_ONLY___ │ 
2021-02-20 19:31:36,856 INFO     ___FILE_ONLY___ Google Container Registry's Docker credential helper
2021-02-20 19:31:36,856 INFO     ___FILE_ONLY___  
2021-02-20 19:31:36,856 INFO     ___FILE_ONLY___ │ 
2021-02-20 19:31:36,856 INFO     ___FILE_ONLY___ docker-credential-gcr   
2021-02-20 19:31:36,856 INFO     ___FILE_ONLY___  
2021-02-20 19:31:36,856 INFO     ___FILE_ONLY___ │ 
2021-02-20 19:31:36,856 INFO     ___FILE_ONLY___  2.2 MiB
2021-02-20 19:31:36,856 INFO     ___FILE_ONLY___  
2021-02-20 19:31:36,856 INFO     ___FILE_ONLY___ │
2021-02-20 19:31:36,857 INFO     ___FILE_ONLY___ 

2021-02-20 19:31:36,857 INFO     ___FILE_ONLY___ └──────────────────┴──────────────────────────────────────────────────────┴──────────────────────────┴──────────┘
2021-02-20 19:31:36,857 INFO     ___FILE_ONLY___ 

2021-02-20 19:31:36,857 INFO     ___FILE_ONLY___ To install or remove components at your current SDK version [246.0.0], run:
  $ gcloud components install COMPONENT_ID
  $ gcloud components remove COMPONENT_ID

To update your SDK installation to the latest version [328.0.0], run:
  $ gcloud components update


2021-02-20 19:31:36,903 INFO     ___FILE_ONLY___ 

To take a quick anonymous survey, run:
  $ gcloud alpha survey


