2021-02-20 19:33:44,387 DEBUG    root            Loaded Command Group: [u'gcloud', u'auth']
2021-02-20 19:33:44,476 DEBUG    root            Loaded Command Group: [u'gcloud', u'auth', u'list']
2021-02-20 19:33:44,480 DEBUG    root            Running [gcloud.auth.list] with arguments: []
2021-02-20 19:33:44,560 INFO     root            Display format: "    table[title='Credentialed Accounts'](
        status.yesno(yes='*', no=''):label=ACTIVE,
        account
    )"
2021-02-20 19:33:44,561 INFO     ___FILE_ONLY___         Credentialed Accounts
2021-02-20 19:33:44,561 INFO     ___FILE_ONLY___ 

2021-02-20 19:33:44,561 INFO     ___FILE_ONLY___ ACTIVE
2021-02-20 19:33:44,561 INFO     ___FILE_ONLY___   
2021-02-20 19:33:44,561 INFO     ___FILE_ONLY___ ACCOUNT
2021-02-20 19:33:44,561 INFO     ___FILE_ONLY___ 

2021-02-20 19:33:44,561 INFO     ___FILE_ONLY___ *
2021-02-20 19:33:44,562 INFO     ___FILE_ONLY___        
2021-02-20 19:33:44,562 INFO     ___FILE_ONLY___ vladislav.gerasimov@kohls.com
2021-02-20 19:33:44,562 INFO     ___FILE_ONLY___ 

2021-02-20 19:33:44,563 INFO     ___FILE_ONLY___ 
To set the active account, run:
    $ gcloud config set account `ACCOUNT`


